[0m00:09:10.898077 [debug] [MainThread]: Sending event: {'category': 'dbt', 'action': 'invocation', 'label': 'start', 'context': [<snowplow_tracker.self_describing_json.SelfDescribingJson object at 0x108444980>, <snowplow_tracker.self_describing_json.SelfDescribingJson object at 0x109577750>, <snowplow_tracker.self_describing_json.SelfDescribingJson object at 0x1095779d0>]}


============================== 00:09:10.900745 | b9310431-439b-48d1-a993-d910f0098d60 ==============================
[0m00:09:10.900745 [info ] [MainThread]: Running with dbt=1.11.7
[0m00:09:10.901050 [debug] [MainThread]: running dbt with arguments {'log_format': 'default', 'partial_parse': 'True', 'cache_selected_only': 'False', 'static_parser': 'True', 'quiet': 'False', 'warn_error_options': 'WarnErrorOptionsV2(error=[], warn=[], silence=[])', 'use_experimental_parser': 'False', 'indirect_selection': 'eager', 'log_path': 'logs', 'printer_width': '80', 'warn_error': 'None', 'invocation_command': 'dbt init stock_pipeline', 'empty': 'None', 'no_print': 'None', 'log_cache_events': 'False', 'introspect': 'True', 'use_colors': 'True', 'fail_fast': 'False', 'send_anonymous_usage_stats': 'True', 'write_json': 'True', 'profiles_dir': '/Users/akshaythakur/.dbt', 'target_path': 'None', 'debug': 'False', 'version_check': 'True'}
[0m00:09:10.910883 [debug] [MainThread]: Starter project path: /Library/Frameworks/Python.framework/Versions/3.13/lib/python3.13/site-packages/dbt/include/starter_project
[0m00:09:10.913651 [info ] [MainThread]: 
Your new dbt project "stock_pipeline" was created!

For more information on how to configure the profiles.yml file,
please consult the dbt documentation here:

  https://docs.getdbt.com/docs/configure-your-profile

One more thing:

Need help? Don't hesitate to reach out to us via GitHub issues or on Slack:

  https://community.getdbt.com/

Happy modeling!

[0m00:09:10.913803 [info ] [MainThread]: Setting up your profile.
[0m00:09:18.432618 [debug] [MainThread]: Snowflake adapter: Setting snowflake.connector to ERROR (file logging only)
[0m00:09:18.432941 [debug] [MainThread]: Snowflake adapter: Setting botocore to ERROR (file logging only)
[0m00:09:18.433103 [debug] [MainThread]: Snowflake adapter: Setting boto3 to ERROR (file logging only)
[0m00:10:03.105520 [info ] [MainThread]: Profile stock_pipeline written to /Users/akshaythakur/.dbt/profiles.yml using target's profile_template.yml and your supplied values. Run 'dbt debug' to validate the connection.
[0m00:10:03.151833 [debug] [MainThread]: Resource report: {"command_name": "init", "command_success": true, "command_wall_clock_time": 52.293278, "process_in_blocks": "0", "process_kernel_time": 0.23872, "process_mem_max_rss": "173719552", "process_out_blocks": "0", "process_user_time": 0.922535}
[0m00:10:03.153089 [debug] [MainThread]: Command `dbt init` succeeded at 00:10:03.152921 after 52.29 seconds
[0m00:10:03.153612 [debug] [MainThread]: Sending event: {'category': 'dbt', 'action': 'invocation', 'label': 'end', 'context': [<snowplow_tracker.self_describing_json.SelfDescribingJson object at 0x10e3bcd60>, <snowplow_tracker.self_describing_json.SelfDescribingJson object at 0x10946ca70>, <snowplow_tracker.self_describing_json.SelfDescribingJson object at 0x10e1abf00>]}
[0m00:10:03.154118 [debug] [MainThread]: Flushing usage events
[0m00:10:04.704588 [debug] [MainThread]: An error was encountered while trying to flush usage events
